<?xml version="1.0" encoding="UTF-8"?>
<testng-results ignored="0" total="1" passed="1" failed="0" skipped="0">
  <reporter-output>
  </reporter-output>
  <suite started-at="2025-06-08T12:39:00 CDT" name="Default suite" finished-at="2025-06-08T12:39:19 CDT" duration-ms="18347">
    <groups>
    </groups>
    <test started-at="2025-06-08T12:39:00 CDT" name="Default test" finished-at="2025-06-08T12:39:19 CDT" duration-ms="18347">
      <class name="testCasesMedium.ShoppingCarTestCaseMedium">
        <test-method is-config="true" signature="startApplication()[pri:0, instance:testCasesMedium.ShoppingCarTestCaseMedium@6743e411]" started-at="2025-06-08T12:39:01 CDT" name="startApplication" finished-at="2025-06-08T12:39:15 CDT" duration-ms="14581" status="PASS">
          <reporter-output>
          </reporter-output>
        </test-method> <!-- startApplication -->
        <test-method signature="openCart()[pri:3, instance:testCasesMedium.ShoppingCarTestCaseMedium@6743e411]" started-at="2025-06-08T12:39:15 CDT" name="openCart" finished-at="2025-06-08T12:39:19 CDT" duration-ms="3545" status="PASS">
          <reporter-output>
          </reporter-output>
        </test-method> <!-- openCart -->
        <test-method is-config="true" signature="tearDown()[pri:0, instance:testCasesMedium.ShoppingCarTestCaseMedium@6743e411]" started-at="2025-06-08T12:39:19 CDT" name="tearDown" finished-at="2025-06-08T12:39:19 CDT" duration-ms="157" status="PASS">
          <reporter-output>
          </reporter-output>
        </test-method> <!-- tearDown -->
      </class> <!-- testCasesMedium.ShoppingCarTestCaseMedium -->
    </test> <!-- Default test -->
  </suite> <!-- Default suite -->
</testng-results>
